#
# A fatal error has been detected by the Java Runtime Environment:
#
#  Internal Error (t:/workspace/open/src/hotspot/share/interpreter/oopMapCache.cpp:110), pid=70232, tid=69928
#  Error: ShouldNotReachHere()
#
# JRE version: Java(TM) SE Runtime Environment (13.0.1+9) (build 13.0.1+9)
# Java VM: Java HotSpot(TM) 64-Bit Server VM (13.0.1+9, mixed mode, sharing, tiered, compressed oops, g1 gc, windows-amd64)
# No core dump will be written. Minidumps are not enabled by default on client versions of Windows
#
# If you would like to submit a bug report, please visit:
#   http://bugreport.java.com/bugreport/crash.jsp
#

---------------  S U M M A R Y ------------

Command Line: -agentlib:jdwp=transport=dt_socket,suspend=y,address=localhost:53737 -javaagent:C:\Users\Vinzenz\eclipse\java-2019-09\eclipse\configuration\org.eclipse.osgi\229\0\.cp\lib\javaagent-shaded.jar -Dfile.encoding=Cp1252 ch.uzh.ifi.ce.cabne.examples.DutchFPSB C:\Users\Vinzenz\eclipse-workspace\config\splitaward_fast.config C:\Users\Vinzenz\eclipse-workspace\config\splitaward_fast.config C:\Users\Vinzenz\eclipse-workspace\OutputDutchFPSB

Host: Intel(R) Core(TM) i7-4900MQ CPU @ 2.80GHz, 8 cores, 31G,  Windows 10 , 64 bit Build 18362 (10.0.18362.900)
Time: Wed Jul 15 00:07:18 2020 Mitteleuropäische Sommerzeit    elapsed time: 386 seconds (0d 0h 6m 26s)

---------------  T H R E A D  ---------------

Current thread (0x0000024c24a94800):  JavaThread "JDWP Transport Listener: dt_socket" daemon [_thread_in_vm, id=69928, stack(0x0000006e88000000,0x0000006e88100000)] _threads_hazard_ptr=0x0000024c24fc4f00

Stack: [0x0000006e88000000,0x0000006e88100000]
Native frames: (J=compiled Java code, j=interpreted, Vv=VM code, C=native code)
V  [jvm.dll+0x626eca]
V  [jvm.dll+0x772c6a]
V  [jvm.dll+0x77441f]
V  [jvm.dll+0x7749d7]
V  [jvm.dll+0x24d9dc]
V  [jvm.dll+0x24d943]
V  [jvm.dll+0x6160cf]
V  [jvm.dll+0x615e2d]
V  [jvm.dll+0x5df993]
V  [jvm.dll+0x76a37f]
V  [jvm.dll+0x4f8226]
V  [jvm.dll+0x77963d]
V  [jvm.dll+0x4de2fe]
V  [jvm.dll+0x4a2b10]
C  [jdwp.dll+0x751f]


---------------  P R O C E S S  ---------------

Threads class SMR info:
_java_thread_list=0x0000024c24fc4f00, length=13, elements={
0x0000024c76b6e800, 0x0000024c7ff29000, 0x0000024c7ff2c800, 0x0000024c24859000,
0x0000024c2485a000, 0x0000024c2485b000, 0x0000024c2485f000, 0x0000024c24899800,
0x0000024c249a6000, 0x0000024c24a94800, 0x0000024c24a0d000, 0x0000024c24a0e000,
0x0000024c24ffa800
}

Java Threads: ( => current thread )
  0x0000024c76b6e800 JavaThread "main" [_thread_blocked, id=68052, stack(0x0000006e87000000,0x0000006e87100000)]
  0x0000024c7ff29000 JavaThread "Reference Handler" daemon [_thread_blocked, id=58176, stack(0x0000006e87700000,0x0000006e87800000)]
  0x0000024c7ff2c800 JavaThread "Finalizer" daemon [_thread_blocked, id=64884, stack(0x0000006e87800000,0x0000006e87900000)]
  0x0000024c24859000 JavaThread "Signal Dispatcher" daemon [_thread_blocked, id=70428, stack(0x0000006e87900000,0x0000006e87a00000)]
  0x0000024c2485a000 JavaThread "Attach Listener" daemon [_thread_blocked, id=70552, stack(0x0000006e87a00000,0x0000006e87b00000)]
  0x0000024c2485b000 JavaThread "C2 CompilerThread0" daemon [_thread_blocked, id=56304, stack(0x0000006e87b00000,0x0000006e87c00000)]
  0x0000024c2485f000 JavaThread "C1 CompilerThread0" daemon [_thread_blocked, id=72664, stack(0x0000006e87c00000,0x0000006e87d00000)]
  0x0000024c24899800 JavaThread "Sweeper thread" daemon [_thread_blocked, id=67748, stack(0x0000006e87d00000,0x0000006e87e00000)]
  0x0000024c249a6000 JavaThread "Common-Cleaner" daemon [_thread_blocked, id=69676, stack(0x0000006e87e00000,0x0000006e87f00000)]
=>0x0000024c24a94800 JavaThread "JDWP Transport Listener: dt_socket" daemon [_thread_in_vm, id=69928, stack(0x0000006e88000000,0x0000006e88100000)] _threads_hazard_ptr=0x0000024c24fc4f00
  0x0000024c24a0d000 JavaThread "JDWP Event Helper Thread" daemon [_thread_blocked, id=70644, stack(0x0000006e88100000,0x0000006e88200000)]
  0x0000024c24a0e000 JavaThread "JDWP Command Reader" daemon [_thread_in_native, id=58704, stack(0x0000006e88200000,0x0000006e88300000)]
  0x0000024c24ffa800 JavaThread "Service Thread" daemon [_thread_blocked, id=53860, stack(0x0000006e88300000,0x0000006e88400000)]

Other Threads:
  0x0000024c7ff27800 VMThread "VM Thread" [stack: 0x0000006e87600000,0x0000006e87700000] [id=61448]
  0x0000024c250a7000 WatcherThread [stack: 0x0000006e88400000,0x0000006e88500000] [id=69832]
  0x0000024c76bf4800 GCTaskThread "GC Thread#0" [stack: 0x0000006e87100000,0x0000006e87200000] [id=72420]
  0x0000024c76c17800 ConcurrentGCThread "G1 Main Marker" [stack: 0x0000006e87200000,0x0000006e87300000] [id=68880]
  0x0000024c76c19000 ConcurrentGCThread "G1 Conc#0" [stack: 0x0000006e87300000,0x0000006e87400000] [id=69000]
  0x0000024c7fec1800 ConcurrentGCThread "G1 Refine#0" [stack: 0x0000006e87400000,0x0000006e87500000] [id=70144]
  0x0000024c7fec3800 ConcurrentGCThread "G1 Young RemSet Sampling" [stack: 0x0000006e87500000,0x0000006e87600000] [id=68356]

Threads with active compile tasks:

VM state:not at safepoint (normal execution)

VM Mutex/Monitor currently owned by a thread: None

Heap address: 0x0000000601c00000, size: 8164 MB, Compressed Oops mode: Zero based, Oop shift amount: 3
Narrow klass base: 0x0000000800000000, Narrow klass shift: 3
Compressed class space size: 1073741824 Address: 0x0000000800b40000

Heap:
 garbage-first heap   total 524288K, used 6144K [0x0000000601c00000, 0x0000000800000000)
  region size 2048K, 4 young (8192K), 0 survivors (0K)
 Metaspace       used 3318K, capacity 5324K, committed 5376K, reserved 1056768K
  class space    used 325K, capacity 498K, committed 512K, reserved 1048576K
Heap Regions: E=young(eden), S=young(survivor), O=old, HS=humongous(starts), HC=humongous(continues), CS=collection set, F=free, A=archive, TAMS=top-at-mark-start (previous, next)
|   0|0x0000000601c00000, 0x0000000601c00000, 0x0000000601e00000|  0%| F|  |TAMS 0x0000000601c00000, 0x0000000601c00000| Untracked 
|   1|0x0000000601e00000, 0x0000000601e00000, 0x0000000602000000|  0%| F|  |TAMS 0x0000000601e00000, 0x0000000601e00000| Untracked 
|   2|0x0000000602000000, 0x0000000602000000, 0x0000000602200000|  0%| F|  |TAMS 0x0000000602000000, 0x0000000602000000| Untracked 
|   3|0x0000000602200000, 0x0000000602200000, 0x0000000602400000|  0%| F|  |TAMS 0x0000000602200000, 0x0000000602200000| Untracked 
|   4|0x0000000602400000, 0x0000000602400000, 0x0000000602600000|  0%| F|  |TAMS 0x0000000602400000, 0x0000000602400000| Untracked 
|   5|0x0000000602600000, 0x0000000602600000, 0x0000000602800000|  0%| F|  |TAMS 0x0000000602600000, 0x0000000602600000| Untracked 
|   6|0x0000000602800000, 0x0000000602800000, 0x0000000602a00000|  0%| F|  |TAMS 0x0000000602800000, 0x0000000602800000| Untracked 
|   7|0x0000000602a00000, 0x0000000602a00000, 0x0000000602c00000|  0%| F|  |TAMS 0x0000000602a00000, 0x0000000602a00000| Untracked 
|   8|0x0000000602c00000, 0x0000000602c00000, 0x0000000602e00000|  0%| F|  |TAMS 0x0000000602c00000, 0x0000000602c00000| Untracked 
|   9|0x0000000602e00000, 0x0000000602e00000, 0x0000000603000000|  0%| F|  |TAMS 0x0000000602e00000, 0x0000000602e00000| Untracked 
|  10|0x0000000603000000, 0x0000000603000000, 0x0000000603200000|  0%| F|  |TAMS 0x0000000603000000, 0x0000000603000000| Untracked 
|  11|0x0000000603200000, 0x0000000603200000, 0x0000000603400000|  0%| F|  |TAMS 0x0000000603200000, 0x0000000603200000| Untracked 
|  12|0x0000000603400000, 0x0000000603400000, 0x0000000603600000|  0%| F|  |TAMS 0x0000000603400000, 0x0000000603400000| Untracked 
|  13|0x0000000603600000, 0x0000000603600000, 0x0000000603800000|  0%| F|  |TAMS 0x0000000603600000, 0x0000000603600000| Untracked 
|  14|0x0000000603800000, 0x0000000603800000, 0x0000000603a00000|  0%| F|  |TAMS 0x0000000603800000, 0x0000000603800000| Untracked 
|  15|0x0000000603a00000, 0x0000000603a00000, 0x0000000603c00000|  0%| F|  |TAMS 0x0000000603a00000, 0x0000000603a00000| Untracked 
|  16|0x0000000603c00000, 0x0000000603c00000, 0x0000000603e00000|  0%| F|  |TAMS 0x0000000603c00000, 0x0000000603c00000| Untracked 
|  17|0x0000000603e00000, 0x0000000603e00000, 0x0000000604000000|  0%| F|  |TAMS 0x0000000603e00000, 0x0000000603e00000| Untracked 
|  18|0x0000000604000000, 0x0000000604000000, 0x0000000604200000|  0%| F|  |TAMS 0x0000000604000000, 0x0000000604000000| Untracked 
|  19|0x0000000604200000, 0x0000000604200000, 0x0000000604400000|  0%| F|  |TAMS 0x0000000604200000, 0x0000000604200000| Untracked 
|  20|0x0000000604400000, 0x0000000604400000, 0x0000000604600000|  0%| F|  |TAMS 0x0000000604400000, 0x0000000604400000| Untracked 
|  21|0x0000000604600000, 0x0000000604600000, 0x0000000604800000|  0%| F|  |TAMS 0x0000000604600000, 0x0000000604600000| Untracked 
|  22|0x0000000604800000, 0x0000000604800000, 0x0000000604a00000|  0%| F|  |TAMS 0x0000000604800000, 0x0000000604800000| Untracked 
|  23|0x0000000604a00000, 0x0000000604a00000, 0x0000000604c00000|  0%| F|  |TAMS 0x0000000604a00000, 0x0000000604a00000| Untracked 
|  24|0x0000000604c00000, 0x0000000604c00000, 0x0000000604e00000|  0%| F|  |TAMS 0x0000000604c00000, 0x0000000604c00000| Untracked 
|  25|0x0000000604e00000, 0x0000000604e00000, 0x0000000605000000|  0%| F|  |TAMS 0x0000000604e00000, 0x0000000604e00000| Untracked 
|  26|0x0000000605000000, 0x0000000605000000, 0x0000000605200000|  0%| F|  |TAMS 0x0000000605000000, 0x0000000605000000| Untracked 
|  27|0x0000000605200000, 0x0000000605200000, 0x0000000605400000|  0%| F|  |TAMS 0x0000000605200000, 0x0000000605200000| Untracked 
|  28|0x0000000605400000, 0x0000000605400000, 0x0000000605600000|  0%| F|  |TAMS 0x0000000605400000, 0x0000000605400000| Untracked 
|  29|0x0000000605600000, 0x0000000605600000, 0x0000000605800000|  0%| F|  |TAMS 0x0000000605600000, 0x0000000605600000| Untracked 
|  30|0x0000000605800000, 0x0000000605800000, 0x0000000605a00000|  0%| F|  |TAMS 0x0000000605800000, 0x0000000605800000| Untracked 
|  31|0x0000000605a00000, 0x0000000605a00000, 0x0000000605c00000|  0%| F|  |TAMS 0x0000000605a00000, 0x0000000605a00000| Untracked 
|  32|0x0000000605c00000, 0x0000000605c00000, 0x0000000605e00000|  0%| F|  |TAMS 0x0000000605c00000, 0x0000000605c00000| Untracked 
|  33|0x0000000605e00000, 0x0000000605e00000, 0x0000000606000000|  0%| F|  |TAMS 0x0000000605e00000, 0x0000000605e00000| Untracked 
|  34|0x0000000606000000, 0x0000000606000000, 0x0000000606200000|  0%| F|  |TAMS 0x0000000606000000, 0x0000000606000000| Untracked 
|  35|0x0000000606200000, 0x0000000606200000, 0x0000000606400000|  0%| F|  |TAMS 0x0000000606200000, 0x0000000606200000| Untracked 
|  36|0x0000000606400000, 0x0000000606400000, 0x0000000606600000|  0%| F|  |TAMS 0x0000000606400000, 0x0000000606400000| Untracked 
|  37|0x0000000606600000, 0x0000000606600000, 0x0000000606800000|  0%| F|  |TAMS 0x0000000606600000, 0x0000000606600000| Untracked 
|  38|0x0000000606800000, 0x0000000606800000, 0x0000000606a00000|  0%| F|  |TAMS 0x0000000606800000, 0x0000000606800000| Untracked 
|  39|0x0000000606a00000, 0x0000000606a00000, 0x0000000606c00000|  0%| F|  |TAMS 0x0000000606a00000, 0x0000000606a00000| Untracked 
|  40|0x0000000606c00000, 0x0000000606c00000, 0x0000000606e00000|  0%| F|  |TAMS 0x0000000606c00000, 0x0000000606c00000| Untracked 
|  41|0x0000000606e00000, 0x0000000606e00000, 0x0000000607000000|  0%| F|  |TAMS 0x0000000606e00000, 0x0000000606e00000| Untracked 
|  42|0x0000000607000000, 0x0000000607000000, 0x0000000607200000|  0%| F|  |TAMS 0x0000000607000000, 0x0000000607000000| Untracked 
|  43|0x0000000607200000, 0x0000000607200000, 0x0000000607400000|  0%| F|  |TAMS 0x0000000607200000, 0x0000000607200000| Untracked 
|  44|0x0000000607400000, 0x0000000607400000, 0x0000000607600000|  0%| F|  |TAMS 0x0000000607400000, 0x0000000607400000| Untracked 
|  45|0x0000000607600000, 0x0000000607600000, 0x0000000607800000|  0%| F|  |TAMS 0x0000000607600000, 0x0000000607600000| Untracked 
|  46|0x0000000607800000, 0x0000000607800000, 0x0000000607a00000|  0%| F|  |TAMS 0x0000000607800000, 0x0000000607800000| Untracked 
|  47|0x0000000607a00000, 0x0000000607a00000, 0x0000000607c00000|  0%| F|  |TAMS 0x0000000607a00000, 0x0000000607a00000| Untracked 
|  48|0x0000000607c00000, 0x0000000607c00000, 0x0000000607e00000|  0%| F|  |TAMS 0x0000000607c00000, 0x0000000607c00000| Untracked 
|  49|0x0000000607e00000, 0x0000000607e00000, 0x0000000608000000|  0%| F|  |TAMS 0x0000000607e00000, 0x0000000607e00000| Untracked 
|  50|0x0000000608000000, 0x0000000608000000, 0x0000000608200000|  0%| F|  |TAMS 0x0000000608000000, 0x0000000608000000| Untracked 
|  51|0x0000000608200000, 0x0000000608200000, 0x0000000608400000|  0%| F|  |TAMS 0x0000000608200000, 0x0000000608200000| Untracked 
|  52|0x0000000608400000, 0x0000000608400000, 0x0000000608600000|  0%| F|  |TAMS 0x0000000608400000, 0x0000000608400000| Untracked 
|  53|0x0000000608600000, 0x0000000608600000, 0x0000000608800000|  0%| F|  |TAMS 0x0000000608600000, 0x0000000608600000| Untracked 
|  54|0x0000000608800000, 0x0000000608800000, 0x0000000608a00000|  0%| F|  |TAMS 0x0000000608800000, 0x0000000608800000| Untracked 
|  55|0x0000000608a00000, 0x0000000608a00000, 0x0000000608c00000|  0%| F|  |TAMS 0x0000000608a00000, 0x0000000608a00000| Untracked 
|  56|0x0000000608c00000, 0x0000000608c00000, 0x0000000608e00000|  0%| F|  |TAMS 0x0000000608c00000, 0x0000000608c00000| Untracked 
|  57|0x0000000608e00000, 0x0000000608e00000, 0x0000000609000000|  0%| F|  |TAMS 0x0000000608e00000, 0x0000000608e00000| Untracked 
|  58|0x0000000609000000, 0x0000000609000000, 0x0000000609200000|  0%| F|  |TAMS 0x0000000609000000, 0x0000000609000000| Untracked 
|  59|0x0000000609200000, 0x0000000609200000, 0x0000000609400000|  0%| F|  |TAMS 0x0000000609200000, 0x0000000609200000| Untracked 
|  60|0x0000000609400000, 0x0000000609400000, 0x0000000609600000|  0%| F|  |TAMS 0x0000000609400000, 0x0000000609400000| Untracked 
|  61|0x0000000609600000, 0x0000000609600000, 0x0000000609800000|  0%| F|  |TAMS 0x0000000609600000, 0x0000000609600000| Untracked 
|  62|0x0000000609800000, 0x0000000609800000, 0x0000000609a00000|  0%| F|  |TAMS 0x0000000609800000, 0x0000000609800000| Untracked 
|  63|0x0000000609a00000, 0x0000000609a00000, 0x0000000609c00000|  0%| F|  |TAMS 0x0000000609a00000, 0x0000000609a00000| Untracked 
|  64|0x0000000609c00000, 0x0000000609c00000, 0x0000000609e00000|  0%| F|  |TAMS 0x0000000609c00000, 0x0000000609c00000| Untracked 
|  65|0x0000000609e00000, 0x0000000609e00000, 0x000000060a000000|  0%| F|  |TAMS 0x0000000609e00000, 0x0000000609e00000| Untracked 
|  66|0x000000060a000000, 0x000000060a000000, 0x000000060a200000|  0%| F|  |TAMS 0x000000060a000000, 0x000000060a000000| Untracked 
|  67|0x000000060a200000, 0x000000060a200000, 0x000000060a400000|  0%| F|  |TAMS 0x000000060a200000, 0x000000060a200000| Untracked 
|  68|0x000000060a400000, 0x000000060a400000, 0x000000060a600000|  0%| F|  |TAMS 0x000000060a400000, 0x000000060a400000| Untracked 
|  69|0x000000060a600000, 0x000000060a600000, 0x000000060a800000|  0%| F|  |TAMS 0x000000060a600000, 0x000000060a600000| Untracked 
|  70|0x000000060a800000, 0x000000060a800000, 0x000000060aa00000|  0%| F|  |TAMS 0x000000060a800000, 0x000000060a800000| Untracked 
|  71|0x000000060aa00000, 0x000000060aa00000, 0x000000060ac00000|  0%| F|  |TAMS 0x000000060aa00000, 0x000000060aa00000| Untracked 
|  72|0x000000060ac00000, 0x000000060ac00000, 0x000000060ae00000|  0%| F|  |TAMS 0x000000060ac00000, 0x000000060ac00000| Untracked 
|  73|0x000000060ae00000, 0x000000060ae00000, 0x000000060b000000|  0%| F|  |TAMS 0x000000060ae00000, 0x000000060ae00000| Untracked 
|  74|0x000000060b000000, 0x000000060b000000, 0x000000060b200000|  0%| F|  |TAMS 0x000000060b000000, 0x000000060b000000| Untracked 
|  75|0x000000060b200000, 0x000000060b200000, 0x000000060b400000|  0%| F|  |TAMS 0x000000060b200000, 0x000000060b200000| Untracked 
|  76|0x000000060b400000, 0x000000060b400000, 0x000000060b600000|  0%| F|  |TAMS 0x000000060b400000, 0x000000060b400000| Untracked 
|  77|0x000000060b600000, 0x000000060b600000, 0x000000060b800000|  0%| F|  |TAMS 0x000000060b600000, 0x000000060b600000| Untracked 
|  78|0x000000060b800000, 0x000000060b800000, 0x000000060ba00000|  0%| F|  |TAMS 0x000000060b800000, 0x000000060b800000| Untracked 
|  79|0x000000060ba00000, 0x000000060ba00000, 0x000000060bc00000|  0%| F|  |TAMS 0x000000060ba00000, 0x000000060ba00000| Untracked 
|  80|0x000000060bc00000, 0x000000060bc00000, 0x000000060be00000|  0%| F|  |TAMS 0x000000060bc00000, 0x000000060bc00000| Untracked 
|  81|0x000000060be00000, 0x000000060be00000, 0x000000060c000000|  0%| F|  |TAMS 0x000000060be00000, 0x000000060be00000| Untracked 
|  82|0x000000060c000000, 0x000000060c000000, 0x000000060c200000|  0%| F|  |TAMS 0x000000060c000000, 0x000000060c000000| Untracked 
|  83|0x000000060c200000, 0x000000060c200000, 0x000000060c400000|  0%| F|  |TAMS 0x000000060c200000, 0x000000060c200000| Untracked 
|  84|0x000000060c400000, 0x000000060c400000, 0x000000060c600000|  0%| F|  |TAMS 0x000000060c400000, 0x000000060c400000| Untracked 
|  85|0x000000060c600000, 0x000000060c600000, 0x000000060c800000|  0%| F|  |TAMS 0x000000060c600000, 0x000000060c600000| Untracked 
|  86|0x000000060c800000, 0x000000060c800000, 0x000000060ca00000|  0%| F|  |TAMS 0x000000060c800000, 0x000000060c800000| Untracked 
|  87|0x000000060ca00000, 0x000000060ca00000, 0x000000060cc00000|  0%| F|  |TAMS 0x000000060ca00000, 0x000000060ca00000| Untracked 
|  88|0x000000060cc00000, 0x000000060cc00000, 0x000000060ce00000|  0%| F|  |TAMS 0x000000060cc00000, 0x000000060cc00000| Untracked 
|  89|0x000000060ce00000, 0x000000060ce00000, 0x000000060d000000|  0%| F|  |TAMS 0x000000060ce00000, 0x000000060ce00000| Untracked 
|  90|0x000000060d000000, 0x000000060d000000, 0x000000060d200000|  0%| F|  |TAMS 0x000000060d000000, 0x000000060d000000| Untracked 
|  91|0x000000060d200000, 0x000000060d200000, 0x000000060d400000|  0%| F|  |TAMS 0x000000060d200000, 0x000000060d200000| Untracked 
|  92|0x000000060d400000, 0x000000060d400000, 0x000000060d600000|  0%| F|  |TAMS 0x000000060d400000, 0x000000060d400000| Untracked 
|  93|0x000000060d600000, 0x000000060d600000, 0x000000060d800000|  0%| F|  |TAMS 0x000000060d600000, 0x000000060d600000| Untracked 
|  94|0x000000060d800000, 0x000000060d800000, 0x000000060da00000|  0%| F|  |TAMS 0x000000060d800000, 0x000000060d800000| Untracked 
|  95|0x000000060da00000, 0x000000060da00000, 0x000000060dc00000|  0%| F|  |TAMS 0x000000060da00000, 0x000000060da00000| Untracked 
|  96|0x000000060dc00000, 0x000000060dc00000, 0x000000060de00000|  0%| F|  |TAMS 0x000000060dc00000, 0x000000060dc00000| Untracked 
|  97|0x000000060de00000, 0x000000060de00000, 0x000000060e000000|  0%| F|  |TAMS 0x000000060de00000, 0x000000060de00000| Untracked 
|  98|0x000000060e000000, 0x000000060e000000, 0x000000060e200000|  0%| F|  |TAMS 0x000000060e000000, 0x000000060e000000| Untracked 
|  99|0x000000060e200000, 0x000000060e200000, 0x000000060e400000|  0%| F|  |TAMS 0x000000060e200000, 0x000000060e200000| Untracked 
| 100|0x000000060e400000, 0x000000060e400000, 0x000000060e600000|  0%| F|  |TAMS 0x000000060e400000, 0x000000060e400000| Untracked 
| 101|0x000000060e600000, 0x000000060e600000, 0x000000060e800000|  0%| F|  |TAMS 0x000000060e600000, 0x000000060e600000| Untracked 
| 102|0x000000060e800000, 0x000000060e800000, 0x000000060ea00000|  0%| F|  |TAMS 0x000000060e800000, 0x000000060e800000| Untracked 
| 103|0x000000060ea00000, 0x000000060ea00000, 0x000000060ec00000|  0%| F|  |TAMS 0x000000060ea00000, 0x000000060ea00000| Untracked 
| 104|0x000000060ec00000, 0x000000060ec00000, 0x000000060ee00000|  0%| F|  |TAMS 0x000000060ec00000, 0x000000060ec00000| Untracked 
| 105|0x000000060ee00000, 0x000000060ee00000, 0x000000060f000000|  0%| F|  |TAMS 0x000000060ee00000, 0x000000060ee00000| Untracked 
| 106|0x000000060f000000, 0x000000060f000000, 0x000000060f200000|  0%| F|  |TAMS 0x000000060f000000, 0x000000060f000000| Untracked 
| 107|0x000000060f200000, 0x000000060f200000, 0x000000060f400000|  0%| F|  |TAMS 0x000000060f200000, 0x000000060f200000| Untracked 
| 108|0x000000060f400000, 0x000000060f400000, 0x000000060f600000|  0%| F|  |TAMS 0x000000060f400000, 0x000000060f400000| Untracked 
| 109|0x000000060f600000, 0x000000060f600000, 0x000000060f800000|  0%| F|  |TAMS 0x000000060f600000, 0x000000060f600000| Untracked 
| 110|0x000000060f800000, 0x000000060f800000, 0x000000060fa00000|  0%| F|  |TAMS 0x000000060f800000, 0x000000060f800000| Untracked 
| 111|0x000000060fa00000, 0x000000060fa00000, 0x000000060fc00000|  0%| F|  |TAMS 0x000000060fa00000, 0x000000060fa00000| Untracked 
| 112|0x000000060fc00000, 0x000000060fc00000, 0x000000060fe00000|  0%| F|  |TAMS 0x000000060fc00000, 0x000000060fc00000| Untracked 
| 113|0x000000060fe00000, 0x000000060fe00000, 0x0000000610000000|  0%| F|  |TAMS 0x000000060fe00000, 0x000000060fe00000| Untracked 
| 114|0x0000000610000000, 0x0000000610000000, 0x0000000610200000|  0%| F|  |TAMS 0x0000000610000000, 0x0000000610000000| Untracked 
| 115|0x0000000610200000, 0x0000000610200000, 0x0000000610400000|  0%| F|  |TAMS 0x0000000610200000, 0x0000000610200000| Untracked 
| 116|0x0000000610400000, 0x0000000610400000, 0x0000000610600000|  0%| F|  |TAMS 0x0000000610400000, 0x0000000610400000| Untracked 
| 117|0x0000000610600000, 0x0000000610600000, 0x0000000610800000|  0%| F|  |TAMS 0x0000000610600000, 0x0000000610600000| Untracked 
| 118|0x0000000610800000, 0x0000000610800000, 0x0000000610a00000|  0%| F|  |TAMS 0x0000000610800000, 0x0000000610800000| Untracked 
| 119|0x0000000610a00000, 0x0000000610a00000, 0x0000000610c00000|  0%| F|  |TAMS 0x0000000610a00000, 0x0000000610a00000| Untracked 
| 120|0x0000000610c00000, 0x0000000610c00000, 0x0000000610e00000|  0%| F|  |TAMS 0x0000000610c00000, 0x0000000610c00000| Untracked 
| 121|0x0000000610e00000, 0x0000000610e00000, 0x0000000611000000|  0%| F|  |TAMS 0x0000000610e00000, 0x0000000610e00000| Untracked 
| 122|0x0000000611000000, 0x0000000611000000, 0x0000000611200000|  0%| F|  |TAMS 0x0000000611000000, 0x0000000611000000| Untracked 
| 123|0x0000000611200000, 0x0000000611200000, 0x0000000611400000|  0%| F|  |TAMS 0x0000000611200000, 0x0000000611200000| Untracked 
| 124|0x0000000611400000, 0x0000000611400000, 0x0000000611600000|  0%| F|  |TAMS 0x0000000611400000, 0x0000000611400000| Untracked 
| 125|0x0000000611600000, 0x0000000611600000, 0x0000000611800000|  0%| F|  |TAMS 0x0000000611600000, 0x0000000611600000| Untracked 
| 126|0x0000000611800000, 0x0000000611800000, 0x0000000611a00000|  0%| F|  |TAMS 0x0000000611800000, 0x0000000611800000| Untracked 
| 127|0x0000000611a00000, 0x0000000611a00000, 0x0000000611c00000|  0%| F|  |TAMS 0x0000000611a00000, 0x0000000611a00000| Untracked 
| 128|0x0000000611c00000, 0x0000000611c00000, 0x0000000611e00000|  0%| F|  |TAMS 0x0000000611c00000, 0x0000000611c00000| Untracked 
| 129|0x0000000611e00000, 0x0000000611e00000, 0x0000000612000000|  0%| F|  |TAMS 0x0000000611e00000, 0x0000000611e00000| Untracked 
| 130|0x0000000612000000, 0x0000000612000000, 0x0000000612200000|  0%| F|  |TAMS 0x0000000612000000, 0x0000000612000000| Untracked 
| 131|0x0000000612200000, 0x0000000612200000, 0x0000000612400000|  0%| F|  |TAMS 0x0000000612200000, 0x0000000612200000| Untracked 
| 132|0x0000000612400000, 0x0000000612400000, 0x0000000612600000|  0%| F|  |TAMS 0x0000000612400000, 0x0000000612400000| Untracked 
| 133|0x0000000612600000, 0x0000000612600000, 0x0000000612800000|  0%| F|  |TAMS 0x0000000612600000, 0x0000000612600000| Untracked 
| 134|0x0000000612800000, 0x0000000612800000, 0x0000000612a00000|  0%| F|  |TAMS 0x0000000612800000, 0x0000000612800000| Untracked 
| 135|0x0000000612a00000, 0x0000000612a00000, 0x0000000612c00000|  0%| F|  |TAMS 0x0000000612a00000, 0x0000000612a00000| Untracked 
| 136|0x0000000612c00000, 0x0000000612c00000, 0x0000000612e00000|  0%| F|  |TAMS 0x0000000612c00000, 0x0000000612c00000| Untracked 
| 137|0x0000000612e00000, 0x0000000612e00000, 0x0000000613000000|  0%| F|  |TAMS 0x0000000612e00000, 0x0000000612e00000| Untracked 
| 138|0x0000000613000000, 0x0000000613000000, 0x0000000613200000|  0%| F|  |TAMS 0x0000000613000000, 0x0000000613000000| Untracked 
| 139|0x0000000613200000, 0x0000000613200000, 0x0000000613400000|  0%| F|  |TAMS 0x0000000613200000, 0x0000000613200000| Untracked 
| 140|0x0000000613400000, 0x0000000613400000, 0x0000000613600000|  0%| F|  |TAMS 0x0000000613400000, 0x0000000613400000| Untracked 
| 141|0x0000000613600000, 0x0000000613600000, 0x0000000613800000|  0%| F|  |TAMS 0x0000000613600000, 0x0000000613600000| Untracked 
| 142|0x0000000613800000, 0x0000000613800000, 0x0000000613a00000|  0%| F|  |TAMS 0x0000000613800000, 0x0000000613800000| Untracked 
| 143|0x0000000613a00000, 0x0000000613a00000, 0x0000000613c00000|  0%| F|  |TAMS 0x0000000613a00000, 0x0000000613a00000| Untracked 
| 144|0x0000000613c00000, 0x0000000613c00000, 0x0000000613e00000|  0%| F|  |TAMS 0x0000000613c00000, 0x0000000613c00000| Untracked 
| 145|0x0000000613e00000, 0x0000000613e00000, 0x0000000614000000|  0%| F|  |TAMS 0x0000000613e00000, 0x0000000613e00000| Untracked 
| 146|0x0000000614000000, 0x0000000614000000, 0x0000000614200000|  0%| F|  |TAMS 0x0000000614000000, 0x0000000614000000| Untracked 
| 147|0x0000000614200000, 0x0000000614200000, 0x0000000614400000|  0%| F|  |TAMS 0x0000000614200000, 0x0000000614200000| Untracked 
| 148|0x0000000614400000, 0x0000000614400000, 0x0000000614600000|  0%| F|  |TAMS 0x0000000614400000, 0x0000000614400000| Untracked 
| 149|0x0000000614600000, 0x0000000614600000, 0x0000000614800000|  0%| F|  |TAMS 0x0000000614600000, 0x0000000614600000| Untracked 
| 150|0x0000000614800000, 0x0000000614800000, 0x0000000614a00000|  0%| F|  |TAMS 0x0000000614800000, 0x0000000614800000| Untracked 
| 151|0x0000000614a00000, 0x0000000614a00000, 0x0000000614c00000|  0%| F|  |TAMS 0x0000000614a00000, 0x0000000614a00000| Untracked 
| 152|0x0000000614c00000, 0x0000000614c00000, 0x0000000614e00000|  0%| F|  |TAMS 0x0000000614c00000, 0x0000000614c00000| Untracked 
| 153|0x0000000614e00000, 0x0000000614e00000, 0x0000000615000000|  0%| F|  |TAMS 0x0000000614e00000, 0x0000000614e00000| Untracked 
| 154|0x0000000615000000, 0x0000000615000000, 0x0000000615200000|  0%| F|  |TAMS 0x0000000615000000, 0x0000000615000000| Untracked 
| 155|0x0000000615200000, 0x0000000615200000, 0x0000000615400000|  0%| F|  |TAMS 0x0000000615200000, 0x0000000615200000| Untracked 
| 156|0x0000000615400000, 0x0000000615400000, 0x0000000615600000|  0%| F|  |TAMS 0x0000000615400000, 0x0000000615400000| Untracked 
| 157|0x0000000615600000, 0x0000000615600000, 0x0000000615800000|  0%| F|  |TAMS 0x0000000615600000, 0x0000000615600000| Untracked 
| 158|0x0000000615800000, 0x0000000615800000, 0x0000000615a00000|  0%| F|  |TAMS 0x0000000615800000, 0x0000000615800000| Untracked 
| 159|0x0000000615a00000, 0x0000000615a00000, 0x0000000615c00000|  0%| F|  |TAMS 0x0000000615a00000, 0x0000000615a00000| Untracked 
| 160|0x0000000615c00000, 0x0000000615c00000, 0x0000000615e00000|  0%| F|  |TAMS 0x0000000615c00000, 0x0000000615c00000| Untracked 
| 161|0x0000000615e00000, 0x0000000615e00000, 0x0000000616000000|  0%| F|  |TAMS 0x0000000615e00000, 0x0000000615e00000| Untracked 
| 162|0x0000000616000000, 0x0000000616000000, 0x0000000616200000|  0%| F|  |TAMS 0x0000000616000000, 0x0000000616000000| Untracked 
| 163|0x0000000616200000, 0x0000000616200000, 0x0000000616400000|  0%| F|  |TAMS 0x0000000616200000, 0x0000000616200000| Untracked 
| 164|0x0000000616400000, 0x0000000616400000, 0x0000000616600000|  0%| F|  |TAMS 0x0000000616400000, 0x0000000616400000| Untracked 
| 165|0x0000000616600000, 0x0000000616600000, 0x0000000616800000|  0%| F|  |TAMS 0x0000000616600000, 0x0000000616600000| Untracked 
| 166|0x0000000616800000, 0x0000000616800000, 0x0000000616a00000|  0%| F|  |TAMS 0x0000000616800000, 0x0000000616800000| Untracked 
| 167|0x0000000616a00000, 0x0000000616a00000, 0x0000000616c00000|  0%| F|  |TAMS 0x0000000616a00000, 0x0000000616a00000| Untracked 
| 168|0x0000000616c00000, 0x0000000616c00000, 0x0000000616e00000|  0%| F|  |TAMS 0x0000000616c00000, 0x0000000616c00000| Untracked 
| 169|0x0000000616e00000, 0x0000000616e00000, 0x0000000617000000|  0%| F|  |TAMS 0x0000000616e00000, 0x0000000616e00000| Untracked 
| 170|0x0000000617000000, 0x0000000617000000, 0x0000000617200000|  0%| F|  |TAMS 0x0000000617000000, 0x0000000617000000| Untracked 
| 171|0x0000000617200000, 0x0000000617200000, 0x0000000617400000|  0%| F|  |TAMS 0x0000000617200000, 0x0000000617200000| Untracked 
| 172|0x0000000617400000, 0x0000000617400000, 0x0000000617600000|  0%| F|  |TAMS 0x0000000617400000, 0x0000000617400000| Untracked 
| 173|0x0000000617600000, 0x0000000617600000, 0x0000000617800000|  0%| F|  |TAMS 0x0000000617600000, 0x0000000617600000| Untracked 
| 174|0x0000000617800000, 0x0000000617800000, 0x0000000617a00000|  0%| F|  |TAMS 0x0000000617800000, 0x0000000617800000| Untracked 
| 175|0x0000000617a00000, 0x0000000617a00000, 0x0000000617c00000|  0%| F|  |TAMS 0x0000000617a00000, 0x0000000617a00000| Untracked 
| 176|0x0000000617c00000, 0x0000000617c00000, 0x0000000617e00000|  0%| F|  |TAMS 0x0000000617c00000, 0x0000000617c00000| Untracked 
| 177|0x0000000617e00000, 0x0000000617e00000, 0x0000000618000000|  0%| F|  |TAMS 0x0000000617e00000, 0x0000000617e00000| Untracked 
| 178|0x0000000618000000, 0x0000000618000000, 0x0000000618200000|  0%| F|  |TAMS 0x0000000618000000, 0x0000000618000000| Untracked 
| 179|0x0000000618200000, 0x0000000618200000, 0x0000000618400000|  0%| F|  |TAMS 0x0000000618200000, 0x0000000618200000| Untracked 
| 180|0x0000000618400000, 0x0000000618400000, 0x0000000618600000|  0%| F|  |TAMS 0x0000000618400000, 0x0000000618400000| Untracked 
| 181|0x0000000618600000, 0x0000000618600000, 0x0000000618800000|  0%| F|  |TAMS 0x0000000618600000, 0x0000000618600000| Untracked 
| 182|0x0000000618800000, 0x0000000618800000, 0x0000000618a00000|  0%| F|  |TAMS 0x0000000618800000, 0x0000000618800000| Untracked 
| 183|0x0000000618a00000, 0x0000000618a00000, 0x0000000618c00000|  0%| F|  |TAMS 0x0000000618a00000, 0x0000000618a00000| Untracked 
| 184|0x0000000618c00000, 0x0000000618c00000, 0x0000000618e00000|  0%| F|  |TAMS 0x0000000618c00000, 0x0000000618c00000| Untracked 
| 185|0x0000000618e00000, 0x0000000618e00000, 0x0000000619000000|  0%| F|  |TAMS 0x0000000618e00000, 0x0000000618e00000| Untracked 
| 186|0x0000000619000000, 0x0000000619000000, 0x0000000619200000|  0%| F|  |TAMS 0x0000000619000000, 0x0000000619000000| Untracked 
| 187|0x0000000619200000, 0x0000000619200000, 0x0000000619400000|  0%| F|  |TAMS 0x0000000619200000, 0x0000000619200000| Untracked 
| 188|0x0000000619400000, 0x0000000619400000, 0x0000000619600000|  0%| F|  |TAMS 0x0000000619400000, 0x0000000619400000| Untracked 
| 189|0x0000000619600000, 0x0000000619600000, 0x0000000619800000|  0%| F|  |TAMS 0x0000000619600000, 0x0000000619600000| Untracked 
| 190|0x0000000619800000, 0x0000000619800000, 0x0000000619a00000|  0%| F|  |TAMS 0x0000000619800000, 0x0000000619800000| Untracked 
| 191|0x0000000619a00000, 0x0000000619a00000, 0x0000000619c00000|  0%| F|  |TAMS 0x0000000619a00000, 0x0000000619a00000| Untracked 
| 192|0x0000000619c00000, 0x0000000619c00000, 0x0000000619e00000|  0%| F|  |TAMS 0x0000000619c00000, 0x0000000619c00000| Untracked 
| 193|0x0000000619e00000, 0x0000000619e00000, 0x000000061a000000|  0%| F|  |TAMS 0x0000000619e00000, 0x0000000619e00000| Untracked 
| 194|0x000000061a000000, 0x000000061a000000, 0x000000061a200000|  0%| F|  |TAMS 0x000000061a000000, 0x000000061a000000| Untracked 
| 195|0x000000061a200000, 0x000000061a200000, 0x000000061a400000|  0%| F|  |TAMS 0x000000061a200000, 0x000000061a200000| Untracked 
| 196|0x000000061a400000, 0x000000061a400000, 0x000000061a600000|  0%| F|  |TAMS 0x000000061a400000, 0x000000061a400000| Untracked 
| 197|0x000000061a600000, 0x000000061a600000, 0x000000061a800000|  0%| F|  |TAMS 0x000000061a600000, 0x000000061a600000| Untracked 
| 198|0x000000061a800000, 0x000000061a800000, 0x000000061aa00000|  0%| F|  |TAMS 0x000000061a800000, 0x000000061a800000| Untracked 
| 199|0x000000061aa00000, 0x000000061aa00000, 0x000000061ac00000|  0%| F|  |TAMS 0x000000061aa00000, 0x000000061aa00000| Untracked 
| 200|0x000000061ac00000, 0x000000061ac00000, 0x000000061ae00000|  0%| F|  |TAMS 0x000000061ac00000, 0x000000061ac00000| Untracked 
| 201|0x000000061ae00000, 0x000000061ae00000, 0x000000061b000000|  0%| F|  |TAMS 0x000000061ae00000, 0x000000061ae00000| Untracked 
| 202|0x000000061b000000, 0x000000061b000000, 0x000000061b200000|  0%| F|  |TAMS 0x000000061b000000, 0x000000061b000000| Untracked 
| 203|0x000000061b200000, 0x000000061b200000, 0x000000061b400000|  0%| F|  |TAMS 0x000000061b200000, 0x000000061b200000| Untracked 
| 204|0x000000061b400000, 0x000000061b400000, 0x000000061b600000|  0%| F|  |TAMS 0x000000061b400000, 0x000000061b400000| Untracked 
| 205|0x000000061b600000, 0x000000061b600000, 0x000000061b800000|  0%| F|  |TAMS 0x000000061b600000, 0x000000061b600000| Untracked 
| 206|0x000000061b800000, 0x000000061b800000, 0x000000061ba00000|  0%| F|  |TAMS 0x000000061b800000, 0x000000061b800000| Untracked 
| 207|0x000000061ba00000, 0x000000061ba00000, 0x000000061bc00000|  0%| F|  |TAMS 0x000000061ba00000, 0x000000061ba00000| Untracked 
| 208|0x000000061bc00000, 0x000000061bc00000, 0x000000061be00000|  0%| F|  |TAMS 0x000000061bc00000, 0x000000061bc00000| Untracked 
| 209|0x000000061be00000, 0x000000061be00000, 0x000000061c000000|  0%| F|  |TAMS 0x000000061be00000, 0x000000061be00000| Untracked 
| 210|0x000000061c000000, 0x000000061c000000, 0x000000061c200000|  0%| F|  |TAMS 0x000000061c000000, 0x000000061c000000| Untracked 
| 211|0x000000061c200000, 0x000000061c200000, 0x000000061c400000|  0%| F|  |TAMS 0x000000061c200000, 0x000000061c200000| Untracked 
| 212|0x000000061c400000, 0x000000061c400000, 0x000000061c600000|  0%| F|  |TAMS 0x000000061c400000, 0x000000061c400000| Untracked 
| 213|0x000000061c600000, 0x000000061c600000, 0x000000061c800000|  0%| F|  |TAMS 0x000000061c600000, 0x000000061c600000| Untracked 
| 214|0x000000061c800000, 0x000000061c800000, 0x000000061ca00000|  0%| F|  |TAMS 0x000000061c800000, 0x000000061c800000| Untracked 
| 215|0x000000061ca00000, 0x000000061ca00000, 0x000000061cc00000|  0%| F|  |TAMS 0x000000061ca00000, 0x000000061ca00000| Untracked 
| 216|0x000000061cc00000, 0x000000061cc00000, 0x000000061ce00000|  0%| F|  |TAMS 0x000000061cc00000, 0x000000061cc00000| Untracked 
| 217|0x000000061ce00000, 0x000000061ce00000, 0x000000061d000000|  0%| F|  |TAMS 0x000000061ce00000, 0x000000061ce00000| Untracked 
| 218|0x000000061d000000, 0x000000061d000000, 0x000000061d200000|  0%| F|  |TAMS 0x000000061d000000, 0x000000061d000000| Untracked 
| 219|0x000000061d200000, 0x000000061d200000, 0x000000061d400000|  0%| F|  |TAMS 0x000000061d200000, 0x000000061d200000| Untracked 
| 220|0x000000061d400000, 0x000000061d400000, 0x000000061d600000|  0%| F|  |TAMS 0x000000061d400000, 0x000000061d400000| Untracked 
| 221|0x000000061d600000, 0x000000061d600000, 0x000000061d800000|  0%| F|  |TAMS 0x000000061d600000, 0x000000061d600000| Untracked 
| 222|0x000000061d800000, 0x000000061d800000, 0x000000061da00000|  0%| F|  |TAMS 0x000000061d800000, 0x000000061d800000| Untracked 
| 223|0x000000061da00000, 0x000000061da00000, 0x000000061dc00000|  0%| F|  |TAMS 0x000000061da00000, 0x000000061da00000| Untracked 
| 224|0x000000061dc00000, 0x000000061dc00000, 0x000000061de00000|  0%| F|  |TAMS 0x000000061dc00000, 0x000000061dc00000| Untracked 
| 225|0x000000061de00000, 0x000000061de00000, 0x000000061e000000|  0%| F|  |TAMS 0x000000061de00000, 0x000000061de00000| Untracked 
| 226|0x000000061e000000, 0x000000061e000000, 0x000000061e200000|  0%| F|  |TAMS 0x000000061e000000, 0x000000061e000000| Untracked 
| 227|0x000000061e200000, 0x000000061e200000, 0x000000061e400000|  0%| F|  |TAMS 0x000000061e200000, 0x000000061e200000| Untracked 
| 228|0x000000061e400000, 0x000000061e400000, 0x000000061e600000|  0%| F|  |TAMS 0x000000061e400000, 0x000000061e400000| Untracked 
| 229|0x000000061e600000, 0x000000061e600000, 0x000000061e800000|  0%| F|  |TAMS 0x000000061e600000, 0x000000061e600000| Untracked 
| 230|0x000000061e800000, 0x000000061e800000, 0x000000061ea00000|  0%| F|  |TAMS 0x000000061e800000, 0x000000061e800000| Untracked 
| 231|0x000000061ea00000, 0x000000061ea00000, 0x000000061ec00000|  0%| F|  |TAMS 0x000000061ea00000, 0x000000061ea00000| Untracked 
| 232|0x000000061ec00000, 0x000000061ec00000, 0x000000061ee00000|  0%| F|  |TAMS 0x000000061ec00000, 0x000000061ec00000| Untracked 
| 233|0x000000061ee00000, 0x000000061ee00000, 0x000000061f000000|  0%| F|  |TAMS 0x000000061ee00000, 0x000000061ee00000| Untracked 
| 234|0x000000061f000000, 0x000000061f000000, 0x000000061f200000|  0%| F|  |TAMS 0x000000061f000000, 0x000000061f000000| Untracked 
| 235|0x000000061f200000, 0x000000061f200000, 0x000000061f400000|  0%| F|  |TAMS 0x000000061f200000, 0x000000061f200000| Untracked 
| 236|0x000000061f400000, 0x000000061f400000, 0x000000061f600000|  0%| F|  |TAMS 0x000000061f400000, 0x000000061f400000| Untracked 
| 237|0x000000061f600000, 0x000000061f600000, 0x000000061f800000|  0%| F|  |TAMS 0x000000061f600000, 0x000000061f600000| Untracked 
| 238|0x000000061f800000, 0x000000061f800000, 0x000000061fa00000|  0%| F|  |TAMS 0x000000061f800000, 0x000000061f800000| Untracked 
| 239|0x000000061fa00000, 0x000000061fa00000, 0x000000061fc00000|  0%| F|  |TAMS 0x000000061fa00000, 0x000000061fa00000| Untracked 
| 240|0x000000061fc00000, 0x000000061fc00000, 0x000000061fe00000|  0%| F|  |TAMS 0x000000061fc00000, 0x000000061fc00000| Untracked 
| 241|0x000000061fe00000, 0x000000061fe00000, 0x0000000620000000|  0%| F|  |TAMS 0x000000061fe00000, 0x000000061fe00000| Untracked 
| 242|0x0000000620000000, 0x0000000620000000, 0x0000000620200000|  0%| F|  |TAMS 0x0000000620000000, 0x0000000620000000| Untracked 
| 243|0x0000000620200000, 0x0000000620200000, 0x0000000620400000|  0%| F|  |TAMS 0x0000000620200000, 0x0000000620200000| Untracked 
| 244|0x0000000620400000, 0x0000000620400000, 0x0000000620600000|  0%| F|  |TAMS 0x0000000620400000, 0x0000000620400000| Untracked 
| 245|0x0000000620600000, 0x0000000620600000, 0x0000000620800000|  0%| F|  |TAMS 0x0000000620600000, 0x0000000620600000| Untracked 
| 246|0x0000000620800000, 0x0000000620800000, 0x0000000620a00000|  0%| F|  |TAMS 0x0000000620800000, 0x0000000620800000| Untracked 
| 247|0x0000000620a00000, 0x0000000620a00000, 0x0000000620c00000|  0%| F|  |TAMS 0x0000000620a00000, 0x0000000620a00000| Untracked 
| 248|0x0000000620c00000, 0x0000000620c00000, 0x0000000620e00000|  0%| F|  |TAMS 0x0000000620c00000, 0x0000000620c00000| Untracked 
| 249|0x0000000620e00000, 0x0000000620e00000, 0x0000000621000000|  0%| F|  |TAMS 0x0000000620e00000, 0x0000000620e00000| Untracked 
| 250|0x0000000621000000, 0x0000000621000000, 0x0000000621200000|  0%| F|  |TAMS 0x0000000621000000, 0x0000000621000000| Untracked 
| 251|0x0000000621200000, 0x0000000621200000, 0x0000000621400000|  0%| F|  |TAMS 0x0000000621200000, 0x0000000621200000| Untracked 
| 252|0x0000000621400000, 0x00000006214fb390, 0x0000000621600000| 49%| E|  |TAMS 0x0000000621400000, 0x0000000621400000| Complete 
| 253|0x0000000621600000, 0x0000000621800000, 0x0000000621800000|100%| E|CS|TAMS 0x0000000621600000, 0x0000000621600000| Complete 
| 254|0x0000000621800000, 0x0000000621a00000, 0x0000000621a00000|100%| E|CS|TAMS 0x0000000621800000, 0x0000000621800000| Complete 
| 255|0x0000000621a00000, 0x0000000621c00000, 0x0000000621c00000|100%| E|CS|TAMS 0x0000000621a00000, 0x0000000621a00000| Complete 

Card table byte_map: [0x0000024c10000000,0x0000024c11000000] _byte_map_base: 0x0000024c0cff2000

Marking Bits (Prev, Next): (CMBitMap*) 0x0000024c76bf5418, (CMBitMap*) 0x0000024c76bf5458
 Prev Bits: [0x0000024c12000000, 0x0000024c19f90000)
 Next Bits: [0x0000024c19f90000, 0x0000024c21f20000)

Polling page: 0x0000024c74af0000

Metaspace:

Usage:
  Non-class:      4.71 MB capacity,     2.92 MB ( 62%) used,     1.78 MB ( 38%) free+waste,     5.38 KB ( <1%) overhead. 
      Class:    498.00 KB capacity,   325.31 KB ( 65%) used,   169.75 KB ( 34%) free+waste,     2.94 KB ( <1%) overhead. 
       Both:      5.20 MB capacity,     3.24 MB ( 62%) used,     1.95 MB ( 38%) free+waste,     8.31 KB ( <1%) overhead. 

Virtual space:
  Non-class space:        8.00 MB reserved,       4.75 MB ( 59%) committed 
      Class space:        1.00 GB reserved,     512.00 KB ( <1%) committed 
             Both:        1.01 GB reserved,       5.25 MB ( <1%) committed 

Chunk freelists:
   Non-Class:  38.00 KB
       Class:  14.00 KB
        Both:  52.00 KB

MaxMetaspaceSize: 17179869184.00 GB
CompressedClassSpaceSize: 1.00 GB

CodeHeap 'non-profiled nmethods': size=120000Kb used=162Kb max_used=162Kb free=119838Kb
 bounds [0x0000024c07ad0000, 0x0000024c07d40000, 0x0000024c0f000000]
CodeHeap 'profiled nmethods': size=120000Kb used=733Kb max_used=733Kb free=119266Kb
 bounds [0x0000024c005a0000, 0x0000024c00810000, 0x0000024c07ad0000]
CodeHeap 'non-nmethods': size=5760Kb used=1239Kb max_used=1252Kb free=4520Kb
 bounds [0x0000024c00000000, 0x0000024c00270000, 0x0000024c005a0000]
 total_blobs=1321 nmethods=517 adapters=315
 compilation: enabled
              stopped_count=0, restarted_count=0
 full_count=0

Compilation events (20 events):
Event: 0.398 Thread 0x0000024c2485f000  507       3       org.apache.commons.math3.linear.Array2DRowRealMatrix::getRowDimension (17 bytes)
Event: 0.398 Thread 0x0000024c2485f000 nmethod 507 0x0000024c00655190 code [0x0000024c00655340, 0x0000024c00655538]
Event: 0.398 Thread 0x0000024c2485f000  508       3       org.apache.commons.math3.linear.MatrixUtils::checkColumnIndex (45 bytes)
Event: 0.398 Thread 0x0000024c2485f000 nmethod 508 0x0000024c00655610 code [0x0000024c00655880, 0x0000024c006563d0]
Event: 0.398 Thread 0x0000024c2485f000  504       3       org.apache.commons.math3.linear.Array2DRowRealMatrix::setEntry (16 bytes)
Event: 0.398 Thread 0x0000024c2485f000 nmethod 504 0x0000024c00656810 code [0x0000024c006569e0, 0x0000024c00656cc0]
Event: 0.398 Thread 0x0000024c249b6800  510       4       org.apache.commons.math3.linear.MatrixUtils::checkMatrixIndex (11 bytes)
Event: 0.398 Thread 0x0000024c2485b000  511       4       org.apache.commons.math3.linear.MatrixUtils::checkRowIndex (45 bytes)
Event: 0.399 Thread 0x0000024c2485b000 nmethod 511 0x0000024c07af6990 code [0x0000024c07af6b20, 0x0000024c07af6c18]
Event: 0.399 Thread 0x0000024c2485b000  514       4       org.apache.commons.math3.linear.Array2DRowRealMatrix::getColumnDimension (28 bytes)
Event: 0.399 Thread 0x0000024c2485b000 nmethod 514 0x0000024c07af6d90 code [0x0000024c07af6f20, 0x0000024c07af6fd8]
Event: 0.399 Thread 0x0000024c2485b000  513       4       org.apache.commons.math3.linear.Array2DRowRealMatrix::getRowDimension (17 bytes)
Event: 0.400 Thread 0x0000024c2485b000 nmethod 513 0x0000024c07af7090 code [0x0000024c07af7220, 0x0000024c07af72b8]
Event: 0.400 Thread 0x0000024c2485b000  512       4       org.apache.commons.math3.linear.MatrixUtils::checkColumnIndex (45 bytes)
Event: 0.400 Thread 0x0000024c249b6800 nmethod 510 0x0000024c07af7390 code [0x0000024c07af7520, 0x0000024c07af7718]
Event: 0.400 Thread 0x0000024c249b6800  515       4       org.apache.commons.math3.linear.Array2DRowRealMatrix::setEntry (16 bytes)
Event: 0.400 Thread 0x0000024c2485b000 nmethod 512 0x0000024c07af7990 code [0x0000024c07af7b20, 0x0000024c07af7c58]
Event: 0.401 Thread 0x0000024c2485f000  516       3       java.lang.ref.WeakReference::<init> (7 bytes)
Event: 0.401 Thread 0x0000024c2485f000 nmethod 516 0x0000024c00656e90 code [0x0000024c00657040, 0x0000024c00657398]
Event: 0.402 Thread 0x0000024c249b6800 nmethod 515 0x0000024c07af8110 code [0x0000024c07af82a0, 0x0000024c07af8558]

GC Heap History (0 events):
No events

Deoptimization events (20 events):
Event: 0.244 Thread 0x0000024c76b6e800 DEOPT PACKING pc=0x0000024c005d950e sp=0x0000006e870fde60
Event: 0.244 Thread 0x0000024c76b6e800 DEOPT UNPACKING pc=0x0000024c0004964e sp=0x0000006e870fd300 mode 0
Event: 0.244 Thread 0x0000024c76b6e800 DEOPT PACKING pc=0x0000024c005d950e sp=0x0000006e870fde60
Event: 0.244 Thread 0x0000024c76b6e800 DEOPT UNPACKING pc=0x0000024c0004964e sp=0x0000006e870fd300 mode 0
Event: 0.259 Thread 0x0000024c76b6e800 Uncommon trap: trap_request=0xffffff45 fr.pc=0x0000024c07adeb14 relative=0x0000000000000a14
Event: 0.259 Thread 0x0000024c76b6e800 Uncommon trap: reason=unstable_if action=reinterpret pc=0x0000024c07adeb14 method=java.util.HashMap.putVal(ILjava/lang/Object;Ljava/lang/Object;ZZ)Ljava/lang/Object; @ 181 c2
Event: 0.259 Thread 0x0000024c76b6e800 DEOPT PACKING pc=0x0000024c07adeb14 sp=0x0000006e870fdfe0
Event: 0.259 Thread 0x0000024c76b6e800 DEOPT UNPACKING pc=0x0000024c0004912f sp=0x0000006e870fdf90 mode 2
Event: 0.331 Thread 0x0000024c76b6e800 Uncommon trap: trap_request=0xffffff45 fr.pc=0x0000024c07adf48c relative=0x00000000000000ec
Event: 0.331 Thread 0x0000024c76b6e800 Uncommon trap: reason=unstable_if action=reinterpret pc=0x0000024c07adf48c method=java.lang.String.isLatin1()Z @ 10 c2
Event: 0.331 Thread 0x0000024c76b6e800 DEOPT PACKING pc=0x0000024c07adf48c sp=0x0000006e870fdd40
Event: 0.331 Thread 0x0000024c76b6e800 DEOPT UNPACKING pc=0x0000024c0004912f sp=0x0000006e870fdc90 mode 2
Event: 0.332 Thread 0x0000024c76b6e800 Uncommon trap: trap_request=0xffffff45 fr.pc=0x0000024c07adb70c relative=0x000000000000006c
Event: 0.332 Thread 0x0000024c76b6e800 Uncommon trap: reason=unstable_if action=reinterpret pc=0x0000024c07adb70c method=java.lang.String.isLatin1()Z @ 10 c2
Event: 0.332 Thread 0x0000024c76b6e800 DEOPT PACKING pc=0x0000024c07adb70c sp=0x0000006e870fdc80
Event: 0.332 Thread 0x0000024c76b6e800 DEOPT UNPACKING pc=0x0000024c0004912f sp=0x0000006e870fdc20 mode 2
Event: 0.332 Thread 0x0000024c76b6e800 Uncommon trap: trap_request=0xffffff45 fr.pc=0x0000024c07ae4b64 relative=0x0000000000000044
Event: 0.332 Thread 0x0000024c76b6e800 Uncommon trap: reason=unstable_if action=reinterpret pc=0x0000024c07ae4b64 method=java.lang.CharacterData.of(I)Ljava/lang/CharacterData; @ 4 c2
Event: 0.332 Thread 0x0000024c76b6e800 DEOPT PACKING pc=0x0000024c07ae4b64 sp=0x0000006e870fd7c0
Event: 0.332 Thread 0x0000024c76b6e800 DEOPT UNPACKING pc=0x0000024c0004912f sp=0x0000006e870fd760 mode 2

Classes unloaded (0 events):
No events

Classes redefined (5 events):
Event: 97.595 Thread 0x0000024c7ff27800 redefined class name=ch.uzh.ifi.ce.cabne.algorithm.BNEAlgorithm2Rounds, count=1
Event: 161.197 Thread 0x0000024c7ff27800 redefined class name=ch.uzh.ifi.ce.cabne.strategy.ProcRound2StrategyPWL, count=1
Event: 358.606 Thread 0x0000024c7ff27800 redefined class name=ch.uzh.ifi.ce.cabne.algorithm.BNEAlgorithm2Rounds, count=2
Event: 365.387 Thread 0x0000024c7ff27800 redefined class name=ch.uzh.ifi.ce.cabne.algorithm.BNEAlgorithm2Rounds, count=3
Event: 386.578 Thread 0x0000024c7ff27800 redefined class name=ch.uzh.ifi.ce.cabne.algorithm.BNEAlgorithm2Rounds, count=4

Internal exceptions (2 events):
Event: 0.346 Thread 0x0000024c76b6e800 Exception <a 'java/lang/NoSuchMethodError'{0x00000006216ed478}: 'int java.lang.invoke.DirectMethodHandle$Holder.invokeSpecialIFC(java.lang.Object, java.lang.Object, int)'> (0x00000006216ed478) 
thrown [t:/workspace/open/src/hotspot/share/interpreter/linkResolver.cpp, line 767]
Event: 386.648 Thread 0x0000024c24a94800 Exception <a 'java/lang/LinkageError'{0x0000000621bec168}> (0x0000000621bec168) 
thrown [t:/workspace/open/src/hotspot/share/oops/generateOopMap.cpp, line 2140]

Events (20 events):
Event: 386.582 Executing VM operation: ChangeBreakpoints
Event: 386.582 Executing VM operation: ChangeBreakpoints done
Event: 386.585 Executing VM operation: ChangeBreakpoints
Event: 386.585 Executing VM operation: ChangeBreakpoints done
Event: 386.585 Executing VM operation: ChangeBreakpoints
Event: 386.585 Executing VM operation: ChangeBreakpoints done
Event: 386.588 Executing VM operation: ChangeBreakpoints
Event: 386.588 Executing VM operation: ChangeBreakpoints done
Event: 386.588 Executing VM operation: GetFrameCount
Event: 386.589 Executing VM operation: GetFrameCount done
Event: 386.589 Executing VM operation: GetStackTrace
Event: 386.589 Executing VM operation: GetStackTrace done
Event: 386.643 Executing VM operation: GetFrameCount
Event: 386.643 Executing VM operation: GetFrameCount done
Event: 386.643 Executing VM operation: GetOwnedMonitorInfo
Event: 386.643 Executing VM operation: GetOwnedMonitorInfo done
Event: 386.643 Executing VM operation: GetCurrentContendedMonitor
Event: 386.643 Executing VM operation: GetCurrentContendedMonitor done
Event: 386.648 Executing VM operation: GetFrameLocation
Event: 386.648 Executing VM operation: GetFrameLocation done


Dynamic libraries:
0x00007ff6ea6c0000 - 0x00007ff6ea6cf000 	C:\Program Files\Java\jdk-13.0.1\bin\javaw.exe
0x00007ffda9860000 - 0x00007ffda9a50000 	C:\WINDOWS\SYSTEM32\ntdll.dll
0x00007ffda8dd0000 - 0x00007ffda8e82000 	C:\WINDOWS\System32\KERNEL32.DLL
0x00007ffda7160000 - 0x00007ffda7404000 	C:\WINDOWS\System32\KERNELBASE.dll
0x00007ffda7810000 - 0x00007ffda790a000 	C:\WINDOWS\System32\ucrtbase.dll
0x00007ffd9f230000 - 0x00007ffd9f245000 	C:\Program Files\Java\jdk-13.0.1\bin\VCRUNTIME140.dll
0x00007ffda09f0000 - 0x00007ffda0a08000 	C:\Program Files\Java\jdk-13.0.1\bin\jli.dll
0x00007ffda8d20000 - 0x00007ffda8dc3000 	C:\WINDOWS\System32\ADVAPI32.dll
0x00007ffda7910000 - 0x00007ffda79ae000 	C:\WINDOWS\System32\msvcrt.dll
0x00007ffda95e0000 - 0x00007ffda9677000 	C:\WINDOWS\System32\sechost.dll
0x00007ffda7cf0000 - 0x00007ffda7e10000 	C:\WINDOWS\System32\RPCRT4.dll
0x00007ffda8560000 - 0x00007ffda86f4000 	C:\WINDOWS\System32\USER32.dll
0x00007ffda77e0000 - 0x00007ffda7801000 	C:\WINDOWS\System32\win32u.dll
0x00007ffda8ac0000 - 0x00007ffda8ae6000 	C:\WINDOWS\System32\GDI32.dll
0x00007ffd9cca0000 - 0x00007ffd9cf24000 	C:\WINDOWS\WinSxS\amd64_microsoft.windows.common-controls_6595b64144ccf1df_6.0.18362.900_none_e6beb9d913147d17\COMCTL32.dll
0x00007ffda7410000 - 0x00007ffda75a5000 	C:\WINDOWS\System32\gdi32full.dll
0x00007ffda79b0000 - 0x00007ffda7ce5000 	C:\WINDOWS\System32\combase.dll
0x00007ffda7610000 - 0x00007ffda76ae000 	C:\WINDOWS\System32\msvcp_win.dll
0x00007ffda67f0000 - 0x00007ffda6870000 	C:\WINDOWS\System32\bcryptPrimitives.dll
0x00007ffda58e0000 - 0x00007ffda58ea000 	C:\WINDOWS\SYSTEM32\VERSION.dll
0x00007ffda7e10000 - 0x00007ffda7e3e000 	C:\WINDOWS\System32\IMM32.DLL
0x00007ffd84c10000 - 0x00007ffd84cab000 	C:\Program Files\Java\jdk-13.0.1\bin\msvcp140.dll
0x00007ffd44db0000 - 0x00007ffd45916000 	C:\Program Files\Java\jdk-13.0.1\bin\server\jvm.dll
0x00007ffda7e40000 - 0x00007ffda7e48000 	C:\WINDOWS\System32\PSAPI.DLL
0x00007ffda4330000 - 0x00007ffda4339000 	C:\WINDOWS\SYSTEM32\WSOCK32.dll
0x00007ffda3820000 - 0x00007ffda3844000 	C:\WINDOWS\SYSTEM32\WINMM.dll
0x00007ffda8af0000 - 0x00007ffda8b5f000 	C:\WINDOWS\System32\WS2_32.dll
0x00007ffda37f0000 - 0x00007ffda381d000 	C:\WINDOWS\SYSTEM32\WINMMBASE.dll
0x00007ffda7760000 - 0x00007ffda77aa000 	C:\WINDOWS\System32\cfgmgr32.dll
0x00007ffda6730000 - 0x00007ffda6741000 	C:\WINDOWS\System32\kernel.appcore.dll
0x00007ffda2ba0000 - 0x00007ffda2bb0000 	C:\Program Files\Java\jdk-13.0.1\bin\verify.dll
0x00007ffd91750000 - 0x00007ffd91944000 	C:\WINDOWS\SYSTEM32\DBGHELP.DLL
0x00007ffd90360000 - 0x00007ffd9038a000 	C:\WINDOWS\SYSTEM32\dbgcore.DLL
0x00007ffd96d10000 - 0x00007ffd96d36000 	C:\Program Files\Java\jdk-13.0.1\bin\java.dll
0x00007ffd87220000 - 0x00007ffd87258000 	C:\Program Files\Java\jdk-13.0.1\bin\jdwp.dll
0x00007ffda4570000 - 0x00007ffda457e000 	C:\Program Files\Java\jdk-13.0.1\bin\instrument.dll
0x00007ffd9d890000 - 0x00007ffd9d8a7000 	C:\Program Files\Java\jdk-13.0.1\bin\zip.dll
0x00007ffda0660000 - 0x00007ffda066a000 	C:\Program Files\Java\jdk-13.0.1\bin\jimage.dll
0x00007ffda7e70000 - 0x00007ffda8556000 	C:\WINDOWS\System32\SHELL32.dll
0x00007ffda8860000 - 0x00007ffda8909000 	C:\WINDOWS\System32\shcore.dll
0x00007ffda69e0000 - 0x00007ffda7160000 	C:\WINDOWS\System32\windows.storage.dll
0x00007ffda6750000 - 0x00007ffda6773000 	C:\WINDOWS\System32\profapi.dll
0x00007ffda67a0000 - 0x00007ffda67ea000 	C:\WINDOWS\System32\powrprof.dll
0x00007ffda6720000 - 0x00007ffda6730000 	C:\WINDOWS\System32\UMPDC.dll
0x00007ffda8fe0000 - 0x00007ffda9032000 	C:\WINDOWS\System32\shlwapi.dll
0x00007ffda69c0000 - 0x00007ffda69d7000 	C:\WINDOWS\System32\cryptsp.dll
0x00007ffda2db0000 - 0x00007ffda2dbb000 	C:\Program Files\Java\jdk-13.0.1\bin\dt_socket.dll
0x00007ffda5f90000 - 0x00007ffda5ff7000 	C:\WINDOWS\system32\mswsock.dll
0x00007ffda5d30000 - 0x00007ffda5dfb000 	C:\WINDOWS\SYSTEM32\DNSAPI.dll
0x00007ffda9520000 - 0x00007ffda9528000 	C:\WINDOWS\System32\NSI.dll
0x00007ffda5ca0000 - 0x00007ffda5cda000 	C:\WINDOWS\SYSTEM32\IPHLPAPI.DLL
0x00007ffd9d480000 - 0x00007ffd9d48a000 	C:\Windows\System32\rasadhlp.dll
0x00007ffd99710000 - 0x00007ffd99787000 	C:\WINDOWS\System32\fwpuclnt.dll
0x00007ffda77b0000 - 0x00007ffda77d6000 	C:\WINDOWS\System32\bcrypt.dll
0x00007ffd9bad0000 - 0x00007ffd9bae9000 	C:\Program Files\Java\jdk-13.0.1\bin\net.dll
0x00007ffd9c590000 - 0x00007ffd9c680000 	C:\WINDOWS\SYSTEM32\WINHTTP.dll
0x00007ffd95ad0000 - 0x00007ffd95ae3000 	C:\Program Files\Java\jdk-13.0.1\bin\nio.dll

dbghelp: loaded successfully - version: 4.0.5 - missing functions: none
symbol engine: initialized successfully - sym options: 0x614 - pdb path: .;C:\Program Files\Java\jdk-13.0.1\bin;C:\WINDOWS\SYSTEM32;C:\WINDOWS\WinSxS\amd64_microsoft.windows.common-controls_6595b64144ccf1df_6.0.18362.900_none_e6beb9d913147d17;C:\Program Files\Java\jdk-13.0.1\bin\server

VM Arguments:
jvm_args: -agentlib:jdwp=transport=dt_socket,suspend=y,address=localhost:53737 -javaagent:C:\Users\Vinzenz\eclipse\java-2019-09\eclipse\configuration\org.eclipse.osgi\229\0\.cp\lib\javaagent-shaded.jar -Dfile.encoding=Cp1252 
java_command: ch.uzh.ifi.ce.cabne.examples.DutchFPSB C:\Users\Vinzenz\eclipse-workspace\config\splitaward_fast.config C:\Users\Vinzenz\eclipse-workspace\config\splitaward_fast.config C:\Users\Vinzenz\eclipse-workspace\OutputDutchFPSB
java_class_path (initial): C:\Users\Vinzenz\polybox3\UNI\BSC\PBE Algorithm Multiround\Java\CA-BNE\bin;C:\Users\Vinzenz\polybox3\UNI\BSC\PBE Algorithm Multiround\Java\CA-BNE\lib\commons-math3-3.6.1.jar;C:\Users\Vinzenz\polybox3\UNI\BSC\PBE Algorithm Multiround\Java\CA-BNE\lib\jopt-1.3.0.jar;C:\Users\Vinzenz\polybox3\UNI\BSC\PBE Algorithm Multiround\Java\CA-BNE\lib\opencsv-4.3.2.jar;C:\Users\Vinzenz\polybox3\UNI\BSC\PBE Algorithm Multiround\Java\CA-BNE\lib\repo\edu\harvard\econcs\jopt\1.3\jopt-1.3.jar
Launcher Type: SUN_STANDARD

[Global flags]
     intx CICompilerCount                          = 4                                         {product} {ergonomic}
     uint ConcGCThreads                            = 2                                         {product} {ergonomic}
     uint G1ConcRefinementThreads                  = 8                                         {product} {ergonomic}
   size_t G1HeapRegionSize                         = 2097152                                   {product} {ergonomic}
    uintx GCDrainStackTargetSize                   = 64                                        {product} {ergonomic}
   size_t InitialHeapSize                          = 536870912                                 {product} {ergonomic}
   size_t MarkStackSize                            = 4194304                                   {product} {ergonomic}
   size_t MaxHeapSize                              = 8560574464                                {product} {ergonomic}
   size_t MaxNewSize                               = 5135925248                                {product} {ergonomic}
   size_t MinHeapDeltaBytes                        = 2097152                                   {product} {ergonomic}
   size_t MinHeapSize                              = 8388608                                   {product} {ergonomic}
    uintx NonNMethodCodeHeapSize                   = 5836300                                {pd product} {ergonomic}
    uintx NonProfiledCodeHeapSize                  = 122910970                              {pd product} {ergonomic}
    uintx ProfiledCodeHeapSize                     = 122910970                              {pd product} {ergonomic}
    uintx ReservedCodeCacheSize                    = 251658240                              {pd product} {ergonomic}
     bool SegmentedCodeCache                       = true                                      {product} {ergonomic}
   size_t SoftMaxHeapSize                          = 8560574464                             {manageable} {ergonomic}
     bool UseCompressedClassPointers               = true                                 {lp64_product} {ergonomic}
     bool UseCompressedOops                        = true                                 {lp64_product} {ergonomic}
     bool UseG1GC                                  = true                                      {product} {ergonomic}
     bool UseLargePagesIndividualAllocation        = false                                  {pd product} {ergonomic}

Logging:
Log output configuration:
 #0: stdout all=warning uptime,level,tags
 #1: stderr all=off uptime,level,tags

Environment Variables:
PATH=C:/Program Files/Java/jdk-13.0.1/bin/server;C:/Program Files/Java/jdk-13.0.1/bin;C:\Program Files\IBM\ILOG\CPLEX_Studio129\opl\bin\x64_win64;C:\Program Files\IBM\ILOG\CPLEX_Studio129\opl\oplide\;C:\Program Files\IBM\ILOG\CPLEX_Studio129\cplex\bin\x64_win64;C:\Program Files\IBM\ILOG\CPLEX_Studio129\cpoptimizer\bin\x64_win64;C:\Python27\;C:\Python27\Scripts;C:\ProgramData\Oracle\Java\javapath;C:\Program Files (x86)\NVIDIA Corporation\PhysX\Common;C:\Program Files\Broadcom\Broadcom 802.11 Network Adapter\Driver;C:\WINDOWS\system32;C:\WINDOWS;C:\WINDOWS\System32\Wbem;C:\WINDOWS\System32\WindowsPowerShell\v1.0\;C:\Program Files\WIDCOMM\Bluetooth Software\;C:\Program Files\WIDCOMM\Bluetooth Software\syswow64;C:\Program Files (x86)\Intel\OpenCL SDK\3.0\bin\x86;C:\Program Files (x86)\Intel\OpenCL SDK\3.0\bin\x64;C:\Program Files (x86)\Skype\Phone\;C:\WINDOWS\System32\OpenSSH\;C:\Program Files\MATLAB\R2017b\bin;C:\Users\Vinzenz\AppData\Roaming\Python\Scripts;C:\Users\Vinzenz\AppData\Local\Microsoft\WindowsApps;C:\texlive\2016\bin\win32;;C:\Users\Vinzenz\Desktop;
USERNAME=Vinzenz
OS=Windows_NT
PROCESSOR_IDENTIFIER=Intel64 Family 6 Model 60 Stepping 3, GenuineIntel



---------------  S Y S T E M  ---------------

OS: Windows 10 , 64 bit Build 18362 (10.0.18362.900)

CPU:total 8 (initial active 8) (4 cores per cpu, 2 threads per core) family 6 model 60 stepping 3, cmov, cx8, fxsr, mmx, sse, sse2, sse3, ssse3, sse4.1, sse4.2, popcnt, avx, avx2, aes, clmul, erms, lzcnt, ht, tsc, tscinvbit, bmi1, bmi2, fma

Memory: 4k page, system-wide physical 32649M (16453M free)
TotalPageFile size 32649M (AvailPageFile size 12787M)
current process WorkingSet (physical memory assigned to process): 47M, peak: 48M
current process commit charge ("private bytes"): 617M, peak: 618M

vm_info: Java HotSpot(TM) 64-Bit Server VM (13.0.1+9) for windows-amd64 JRE (13.0.1+9), built on Oct  6 2019 12:37:49 by "mach5one" with unknown MS VC++:1916

END.
